
=== Test Run: 2025-08-06 13:06:20 ===
.........FF...................                                           [100%]
================================== FAILURES ===================================
______________________ test_list_tasks_filter_by_status _______________________
tests\test_generated_api_2025-08-06_13-05-24.py:133: in test_list_tasks_filter_by_status
    assert len(data) == 1
E   assert 0 == 1
E    +  where 0 = len([])
_____________________ test_list_tasks_filter_by_priority ______________________
tests\test_generated_api_2025-08-06_13-05-24.py:174: in test_list_tasks_filter_by_priority
    assert len(data) == 1
E   assert 0 == 1
E    +  where 0 = len([])
=========================== short test summary info ===========================
FAILED tests/test_generated_api_2025-08-06_13-05-24.py::test_list_tasks_filter_by_status
FAILED tests/test_generated_api_2025-08-06_13-05-24.py::test_list_tasks_filter_by_priority
2 failed, 28 passed in 1.28s

=============================
